mode: set
github.com/paingp/ece461-project-cli/ratom/logger.go:12.37,15.18 2 0
github.com/paingp/ece461-project-cli/ratom/logger.go:19.2,23.16 3 0
github.com/paingp/ece461-project-cli/ratom/logger.go:28.2,38.35 7 0
github.com/paingp/ece461-project-cli/ratom/logger.go:41.2,42.18 2 0
github.com/paingp/ece461-project-cli/ratom/logger.go:15.18,16.35 1 0
github.com/paingp/ece461-project-cli/ratom/logger.go:23.16,25.13 2 0
github.com/paingp/ece461-project-cli/ratom/logger.go:38.35,40.3 1 0
github.com/paingp/ece461-project-cli/ratom/logger.go:45.37,47.18 2 0
github.com/paingp/ece461-project-cli/ratom/logger.go:51.2,55.16 3 0
github.com/paingp/ece461-project-cli/ratom/logger.go:60.2,70.46 5 0
github.com/paingp/ece461-project-cli/ratom/logger.go:79.2,80.35 2 0
github.com/paingp/ece461-project-cli/ratom/logger.go:83.2,84.18 2 0
github.com/paingp/ece461-project-cli/ratom/logger.go:47.18,48.35 1 0
github.com/paingp/ece461-project-cli/ratom/logger.go:55.16,57.13 2 0
github.com/paingp/ece461-project-cli/ratom/logger.go:70.46,72.15 1 0
github.com/paingp/ece461-project-cli/ratom/logger.go:76.3,76.36 1 0
github.com/paingp/ece461-project-cli/ratom/logger.go:72.15,74.4 1 0
github.com/paingp/ece461-project-cli/ratom/logger.go:80.35,82.3 1 0
github.com/paingp/ece461-project-cli/ratom/score.go:22.37,26.11 3 1
github.com/paingp/ece461-project-cli/ratom/score.go:63.2,63.17 1 1
github.com/paingp/ece461-project-cli/ratom/score.go:26.11,33.17 5 0
github.com/paingp/ece461-project-cli/ratom/score.go:37.3,37.39 1 0
github.com/paingp/ece461-project-cli/ratom/score.go:33.17,35.4 1 0
github.com/paingp/ece461-project-cli/ratom/score.go:37.39,40.18 2 0
github.com/paingp/ece461-project-cli/ratom/score.go:43.4,52.41 8 0
github.com/paingp/ece461-project-cli/ratom/score.go:40.18,41.15 1 0
github.com/paingp/ece461-project-cli/ratom/score.go:55.8,57.18 2 1
github.com/paingp/ece461-project-cli/ratom/score.go:57.18,60.4 1 1
github.com/paingp/ece461-project-cli/ratom/score.go:66.54,82.18 12 1
github.com/paingp/ece461-project-cli/ratom/score.go:86.2,86.38 1 1
github.com/paingp/ece461-project-cli/ratom/score.go:125.2,127.10 3 1
github.com/paingp/ece461-project-cli/ratom/score.go:82.18,83.15 1 0
github.com/paingp/ece461-project-cli/ratom/score.go:86.38,89.17 2 0
github.com/paingp/ece461-project-cli/ratom/score.go:92.3,122.117 22 0
github.com/paingp/ece461-project-cli/ratom/score.go:89.17,90.16 1 0
